[ 16%] [32mBuilding CXX object CMakeFiles/drive_node.dir/src/drive.cpp.o[0m
[ 50%] Built target uart_node
[ 83%] Built target speed_steer_publisher
[01m[K/home/youngju/automaticDrive/src/drive/src/drive.cpp:1:10:[m[K [01;31m[Kfatal error: [m[Krclcpp/rclcpp.h: No such file or directory
    1 | #include [01;31m[K"rclcpp/rclcpp.h"[m[K
      |          [01;31m[K^~~~~~~~~~~~~~~~~[m[K
compilation terminated.
gmake[2]: *** [CMakeFiles/drive_node.dir/build.make:76: CMakeFiles/drive_node.dir/src/drive.cpp.o] Error 1
gmake[1]: *** [CMakeFiles/Makefile2:193: CMakeFiles/drive_node.dir/all] Error 2
gmake: *** [Makefile:146: all] Error 2
