[35m[1mConsolidate compiler generated dependencies of target speed_steer_publisher[0m
[35m[1mConsolidate compiler generated dependencies of target drive_node[0m
[35m[1mConsolidate compiler generated dependencies of target uart_node[0m
[ 16%] [32m[1mLinking CXX executable drive_node[0m
[ 50%] Built target uart_node
[ 83%] Built target speed_steer_publisher
/usr/bin/ld: /usr/lib/gcc/x86_64-linux-gnu/11/../../../x86_64-linux-gnu/Scrt1.o: in function `_start':
(.text+0x1b): undefined reference to `main'
collect2: error: ld returned 1 exit status
gmake[2]: *** [CMakeFiles/drive_node.dir/build.make:213: drive_node] Error 1
gmake[1]: *** [CMakeFiles/Makefile2:193: CMakeFiles/drive_node.dir/all] Error 2
gmake: *** [Makefile:146: all] Error 2
