[0.007s] Invoking command in '/home/youngju/automaticDrive/build/drive': CMAKE_PREFIX_PATH=/opt/ros/humble /usr/bin/cmake /home/youngju/automaticDrive/src/drive -DCMAKE_INSTALL_PREFIX=/home/youngju/automaticDrive/install/drive
[0.015s] -- Found ament_cmake: 1.3.12 (/opt/ros/humble/share/ament_cmake/cmake)
[0.093s] -- Found rclcpp: 16.0.14 (/opt/ros/humble/share/rclcpp/cmake)
[0.170s] -- Found rosidl_generator_c: 3.1.7 (/opt/ros/humble/share/rosidl_generator_c/cmake)
[0.171s] -- Found rosidl_adapter: 3.1.7 (/opt/ros/humble/share/rosidl_adapter/cmake)
[0.175s] -- Found rosidl_generator_cpp: 3.1.7 (/opt/ros/humble/share/rosidl_generator_cpp/cmake)
[0.181s] -- Using all available rosidl_typesupport_c: rosidl_typesupport_fastrtps_c;rosidl_typesupport_introspection_c
[0.188s] -- Using all available rosidl_typesupport_cpp: rosidl_typesupport_fastrtps_cpp;rosidl_typesupport_introspection_cpp
[0.206s] -- Found rmw_implementation_cmake: 6.1.2 (/opt/ros/humble/share/rmw_implementation_cmake/cmake)
[0.206s] -- Found rmw_fastrtps_cpp: 6.2.8 (/opt/ros/humble/share/rmw_fastrtps_cpp/cmake)
[2.608s] -- Using RMW implementation 'rmw_fastrtps_cpp' as default
[2.680s] -- Configuring done
[2.688s] -- Generating done
[2.691s] -- Build files have been written to: /home/youngju/automaticDrive/build/drive
[2.696s] Invoked command in '/home/youngju/automaticDrive/build/drive' returned '0': CMAKE_PREFIX_PATH=/opt/ros/humble /usr/bin/cmake /home/youngju/automaticDrive/src/drive -DCMAKE_INSTALL_PREFIX=/home/youngju/automaticDrive/install/drive
[2.696s] Invoking command in '/home/youngju/automaticDrive/build/drive': CMAKE_PREFIX_PATH=/opt/ros/humble /usr/bin/cmake --build /home/youngju/automaticDrive/build/drive -- -j12 -l12
[2.728s] [ 50%] [32mBuilding CXX object CMakeFiles/speed_steer_publisher.dir/src/speed_steer_publisher.cpp.o[0m
[2.728s] [ 50%] [32mBuilding CXX object CMakeFiles/uart_node.dir/src/uart_node.cpp.o[0m
[5.993s] [ 75%] [32m[1mLinking CXX executable speed_steer_publisher[0m
[6.214s] [ 75%] Built target speed_steer_publisher
[6.324s] [100%] [32m[1mLinking CXX executable uart_node[0m
[6.412s] /usr/bin/ld: /usr/lib/gcc/x86_64-linux-gnu/11/../../../x86_64-linux-gnu/Scrt1.o: in function `_start':
[6.412s] (.text+0x1b): undefined reference to `main'
[6.414s] collect2: error: ld returned 1 exit status
[6.415s] gmake[2]: *** [CMakeFiles/uart_node.dir/build.make:159: uart_node] Error 1
[6.416s] gmake[1]: *** [CMakeFiles/Makefile2:139: CMakeFiles/uart_node.dir/all] Error 2
[6.416s] gmake: *** [Makefile:146: all] Error 2
[6.418s] Invoked command in '/home/youngju/automaticDrive/build/drive' returned '2': CMAKE_PREFIX_PATH=/opt/ros/humble /usr/bin/cmake --build /home/youngju/automaticDrive/build/drive -- -j12 -l12
