[35m[1mConsolidate compiler generated dependencies of target uart_node[0m
[35m[1mConsolidate compiler generated dependencies of target speed_steer_publisher[0m
[ 25%] [32mBuilding CXX object CMakeFiles/uart_node.dir/src/uart_node.cpp.o[0m
[ 75%] Built target speed_steer_publisher
[01m[K/home/youngju/automaticDrive/src/drive/src/uart_node.cpp:[m[K In function â€˜[01m[Kint main(int, char**)[m[Kâ€™:
[01m[K/home/youngju/automaticDrive/src/drive/src/uart_node.cpp:96:18:[m[K [01;31m[Kerror: [m[Kâ€˜[01m[Kmake_shared[m[Kâ€™ was not declared in this scope; did you mean â€˜[01m[Kstd::make_shared[m[Kâ€™?
   96 |     rclcpp::spin([01;31m[Kmake_shared[m[K<UartNode>());
      |                  [01;31m[K^~~~~~~~~~~[m[K
      |                  [32m[Kstd::make_shared[m[K
In file included from [01m[K/usr/include/c++/11/memory:77[m[K,
                 from [01m[K/opt/ros/humble/include/rclcpp/rclcpp/rclcpp.hpp:153[m[K,
                 from [01m[K/home/youngju/automaticDrive/src/drive/src/uart_node.cpp:3[m[K:
[01m[K/usr/include/c++/11/bits/shared_ptr.h:875:5:[m[K [01;36m[Knote: [m[Kâ€˜[01m[Kstd::make_shared[m[Kâ€™ declared here
  875 |     [01;36m[Kmake_shared[m[K(_Args&&... __args)
      |     [01;36m[K^~~~~~~~~~~[m[K
[01m[K/home/youngju/automaticDrive/src/drive/src/uart_node.cpp:96:38:[m[K [01;31m[Kerror: [m[Kexpected primary-expression before â€˜[01m[K>[m[Kâ€™ token
   96 |     rclcpp::spin(make_shared<UartNode[01;31m[K>[m[K());
      |                                      [01;31m[K^[m[K
[01m[K/home/youngju/automaticDrive/src/drive/src/uart_node.cpp:96:40:[m[K [01;31m[Kerror: [m[Kexpected primary-expression before â€˜[01m[K)[m[Kâ€™ token
   96 |     rclcpp::spin(make_shared<UartNode>([01;31m[K)[m[K);
      |                                        [01;31m[K^[m[K
gmake[2]: *** [CMakeFiles/uart_node.dir/build.make:76: CMakeFiles/uart_node.dir/src/uart_node.cpp.o] Error 1
gmake[1]: *** [CMakeFiles/Makefile2:139: CMakeFiles/uart_node.dir/all] Error 2
gmake: *** [Makefile:146: all] Error 2
