[0.016s] Invoking command in '/home/youngju/automaticDrive/build/drive': CMAKE_PREFIX_PATH=${CMAKE_PREFIX_PATH}:/opt/ros/humble /usr/bin/cmake --build /home/youngju/automaticDrive/build/drive -- -j12 -l12
[0.105s] -- Found ament_cmake: 1.3.12 (/opt/ros/humble/share/ament_cmake/cmake)
[0.249s] -- Found rclcpp: 16.0.14 (/opt/ros/humble/share/rclcpp/cmake)
[0.374s] -- Found rosidl_generator_c: 3.1.7 (/opt/ros/humble/share/rosidl_generator_c/cmake)
[0.377s] -- Found rosidl_adapter: 3.1.7 (/opt/ros/humble/share/rosidl_adapter/cmake)
[0.389s] -- Found rosidl_generator_cpp: 3.1.7 (/opt/ros/humble/share/rosidl_generator_cpp/cmake)
[0.406s] -- Using all available rosidl_typesupport_c: rosidl_typesupport_fastrtps_c;rosidl_typesupport_introspection_c
[0.428s] -- Using all available rosidl_typesupport_cpp: rosidl_typesupport_fastrtps_cpp;rosidl_typesupport_introspection_cpp
[0.502s] -- Found rmw_implementation_cmake: 6.1.2 (/opt/ros/humble/share/rmw_implementation_cmake/cmake)
[0.505s] -- Found rmw_fastrtps_cpp: 6.2.8 (/opt/ros/humble/share/rmw_fastrtps_cpp/cmake)
[4.210s] -- Using RMW implementation 'rmw_fastrtps_cpp' as default
[4.379s] -- Configuring done
[4.415s] -- Generating done
[4.420s] -- Build files have been written to: /home/youngju/automaticDrive/build/drive
[4.452s] [35m[1mConsolidate compiler generated dependencies of target drive_node[0m
[4.452s] [35m[1mConsolidate compiler generated dependencies of target speed_steer_publisher[0m
[4.452s] [35m[1mConsolidate compiler generated dependencies of target uart_node[0m
[4.461s] [ 16%] [32mBuilding CXX object CMakeFiles/drive_node.dir/src/drive.cpp.o[0m
[4.468s] [ 50%] Built target speed_steer_publisher
[4.468s] [ 83%] Built target uart_node
[4.491s] [01m[K/home/youngju/automaticDrive/src/drive/src/drive.cpp:1:10:[m[K [01;31m[Kfatal error: [m[Krclcpp/rclcpp.h: No such file or directory
[4.491s]     1 | #include [01;31m[K"rclcpp/rclcpp.h"[m[K
[4.491s]       |          [01;31m[K^~~~~~~~~~~~~~~~~[m[K
[4.491s] compilation terminated.
[4.492s] gmake[2]: *** [CMakeFiles/drive_node.dir/build.make:76: CMakeFiles/drive_node.dir/src/drive.cpp.o] Error 1
[4.493s] gmake[1]: *** [CMakeFiles/Makefile2:193: CMakeFiles/drive_node.dir/all] Error 2
[4.493s] gmake: *** [Makefile:146: all] Error 2
[4.496s] Invoked command in '/home/youngju/automaticDrive/build/drive' returned '2': CMAKE_PREFIX_PATH=${CMAKE_PREFIX_PATH}:/opt/ros/humble /usr/bin/cmake --build /home/youngju/automaticDrive/build/drive -- -j12 -l12
