[0.022s] Invoking command in '/home/youngju/automaticDrive/build/drive': CMAKE_PREFIX_PATH=${CMAKE_PREFIX_PATH}:/opt/ros/humble /usr/bin/cmake --build /home/youngju/automaticDrive/build/drive -- -j12 -l12
[0.133s] -- Found ament_cmake: 1.3.12 (/opt/ros/humble/share/ament_cmake/cmake)
[0.276s] -- Found rclcpp: 16.0.14 (/opt/ros/humble/share/rclcpp/cmake)
[0.398s] -- Found rosidl_generator_c: 3.1.7 (/opt/ros/humble/share/rosidl_generator_c/cmake)
[0.401s] -- Found rosidl_adapter: 3.1.7 (/opt/ros/humble/share/rosidl_adapter/cmake)
[0.414s] -- Found rosidl_generator_cpp: 3.1.7 (/opt/ros/humble/share/rosidl_generator_cpp/cmake)
[0.430s] -- Using all available rosidl_typesupport_c: rosidl_typesupport_fastrtps_c;rosidl_typesupport_introspection_c
[0.453s] -- Using all available rosidl_typesupport_cpp: rosidl_typesupport_fastrtps_cpp;rosidl_typesupport_introspection_cpp
[0.518s] -- Found rmw_implementation_cmake: 6.1.2 (/opt/ros/humble/share/rmw_implementation_cmake/cmake)
[0.523s] -- Found rmw_fastrtps_cpp: 6.2.8 (/opt/ros/humble/share/rmw_fastrtps_cpp/cmake)
[2.477s] -- Using RMW implementation 'rmw_fastrtps_cpp' as default
[2.570s] -- Found OpenCV: /usr (found version "4.5.4") 
[2.631s] -- Configuring done
[2.662s] -- Generating done
[2.666s] -- Build files have been written to: /home/youngju/automaticDrive/build/drive
[2.692s] [35m[1mConsolidate compiler generated dependencies of target speed_steer_publisher[0m
[2.694s] [35m[1mConsolidate compiler generated dependencies of target uart_node[0m
[2.701s] [ 16%] [32mBuilding CXX object CMakeFiles/drive_node.dir/src/drive.cpp.o[0m
[2.742s] [ 50%] [32mBuilding CXX object CMakeFiles/speed_steer_publisher.dir/src/speed_steer_publisher.cpp.o[0m
[2.742s] [ 50%] [32mBuilding CXX object CMakeFiles/uart_node.dir/src/uart_node.cpp.o[0m
[2.759s] [ 66%] [32m[1mLinking CXX executable drive_node[0m
[3.073s] /usr/bin/ld: /usr/lib/gcc/x86_64-linux-gnu/11/../../../x86_64-linux-gnu/Scrt1.o: in function `_start':
[3.073s] (.text+0x1b): undefined reference to `main'
[3.075s] collect2: error: ld returned 1 exit status
[3.077s] gmake[2]: *** [CMakeFiles/drive_node.dir/build.make:213: drive_node] Error 1
[3.077s] gmake[1]: *** [CMakeFiles/Makefile2:193: CMakeFiles/drive_node.dir/all] Error 2
[3.077s] gmake[1]: *** Waiting for unfinished jobs....
[6.739s] [ 83%] [32m[1mLinking CXX executable speed_steer_publisher[0m
[6.921s] [ 83%] Built target speed_steer_publisher
[9.464s] [100%] [32m[1mLinking CXX executable uart_node[0m
[9.756s] [100%] Built target uart_node
[9.757s] gmake: *** [Makefile:146: all] Error 2
[9.762s] Invoked command in '/home/youngju/automaticDrive/build/drive' returned '2': CMAKE_PREFIX_PATH=${CMAKE_PREFIX_PATH}:/opt/ros/humble /usr/bin/cmake --build /home/youngju/automaticDrive/build/drive -- -j12 -l12
